<?xml version="1.0" encoding="UTF-8"?>
<testsuite xmlns:xsi="http://www.w3.org/2001/XMLSchema-instance" xsi:noNamespaceSchemaLocation="https://maven.apache.org/surefire/maven-surefire-plugin/xsd/surefire-test-report.xsd" name="org.generation.italy.CalcolatriceTest" time="0.011" tests="5" errors="0" skipped="0" failures="0">
  <properties>
[...]
</properties>
  <testcase name="testDivisioneEccezione" classname="org.generation.italy.CalcolatriceTest" time="0.005"/>
  <testcase name="testSomma" classname="org.generation.italy.CalcolatriceTest" time="0"/>
  <testcase name="testDivisione" classname="org.generation.italy.CalcolatriceTest" time="0"/>
  <testcase name="testSottrazione" classname="org.generation.italy.CalcolatriceTest" time="0"/>
  <testcase name="testMultiply" classname="org.generation.italy.CalcolatriceTest" time="0"/>
</testsuite>